-- Install configuration: ""
-- Installing: /home/abdi/Documents/GitHub/robotic-arm/ros2_ws/install/annin_ar4_moveit_config/share/annin_ar4_moveit_config/config
-- Installing: /home/abdi/Documents/GitHub/robotic-arm/ros2_ws/install/annin_ar4_moveit_config/share/annin_ar4_moveit_config/config/ompl_planning.yaml
-- Installing: /home/abdi/Documents/GitHub/robotic-arm/ros2_ws/install/annin_ar4_moveit_config/share/annin_ar4_moveit_config/config/joint_limits.yaml
-- Installing: /home/abdi/Documents/GitHub/robotic-arm/ros2_ws/install/annin_ar4_moveit_config/share/annin_ar4_moveit_config/config/controllers.yaml
-- Installing: /home/abdi/Documents/GitHub/robotic-arm/ros2_ws/install/annin_ar4_moveit_config/share/annin_ar4_moveit_config/config/kinematics.yaml
-- Installing: /home/abdi/Documents/GitHub/robotic-arm/ros2_ws/install/annin_ar4_moveit_config/share/annin_ar4_moveit_config/config/pilz_planning.yaml
-- Installing: /home/abdi/Documents/GitHub/robotic-arm/ros2_ws/install/annin_ar4_moveit_config/share/annin_ar4_moveit_config/launch
-- Installing: /home/abdi/Documents/GitHub/robotic-arm/ros2_ws/install/annin_ar4_moveit_config/share/annin_ar4_moveit_config/launch/demo.launch.py
-- Installing: /home/abdi/Documents/GitHub/robotic-arm/ros2_ws/install/annin_ar4_moveit_config/share/annin_ar4_moveit_config/launch/moveit.launch.py
-- Installing: /home/abdi/Documents/GitHub/robotic-arm/ros2_ws/install/annin_ar4_moveit_config/share/annin_ar4_moveit_config/rviz
-- Installing: /home/abdi/Documents/GitHub/robotic-arm/ros2_ws/install/annin_ar4_moveit_config/share/annin_ar4_moveit_config/rviz/moveit_with_camera.rviz
-- Installing: /home/abdi/Documents/GitHub/robotic-arm/ros2_ws/install/annin_ar4_moveit_config/share/annin_ar4_moveit_config/rviz/moveit.rviz
-- Installing: /home/abdi/Documents/GitHub/robotic-arm/ros2_ws/install/annin_ar4_moveit_config/share/annin_ar4_moveit_config/srdf
-- Installing: /home/abdi/Documents/GitHub/robotic-arm/ros2_ws/install/annin_ar4_moveit_config/share/annin_ar4_moveit_config/srdf/ar.srdf.xacro
-- Installing: /home/abdi/Documents/GitHub/robotic-arm/ros2_ws/install/annin_ar4_moveit_config/share/annin_ar4_moveit_config/srdf/ar_macro.srdf.xacro
-- Installing: /home/abdi/Documents/GitHub/robotic-arm/ros2_ws/install/annin_ar4_moveit_config/share/annin_ar4_moveit_config/srdf/ar_gripper_macro.srdf.xacro
-- Installing: /home/abdi/Documents/GitHub/robotic-arm/ros2_ws/install/annin_ar4_moveit_config/share/annin_ar4_moveit_config/urdf
-- Installing: /home/abdi/Documents/GitHub/robotic-arm/ros2_ws/install/annin_ar4_moveit_config/share/annin_ar4_moveit_config/urdf/fake_ar.urdf.xacro
-- Installing: /home/abdi/Documents/GitHub/robotic-arm/ros2_ws/install/annin_ar4_moveit_config/share/ament_index/resource_index/package_run_dependencies/annin_ar4_moveit_config
-- Installing: /home/abdi/Documents/GitHub/robotic-arm/ros2_ws/install/annin_ar4_moveit_config/share/ament_index/resource_index/parent_prefix_path/annin_ar4_moveit_config
-- Installing: /home/abdi/Documents/GitHub/robotic-arm/ros2_ws/install/annin_ar4_moveit_config/share/annin_ar4_moveit_config/environment/ament_prefix_path.sh
-- Installing: /home/abdi/Documents/GitHub/robotic-arm/ros2_ws/install/annin_ar4_moveit_config/share/annin_ar4_moveit_config/environment/ament_prefix_path.dsv
-- Installing: /home/abdi/Documents/GitHub/robotic-arm/ros2_ws/install/annin_ar4_moveit_config/share/annin_ar4_moveit_config/environment/path.sh
-- Installing: /home/abdi/Documents/GitHub/robotic-arm/ros2_ws/install/annin_ar4_moveit_config/share/annin_ar4_moveit_config/environment/path.dsv
-- Installing: /home/abdi/Documents/GitHub/robotic-arm/ros2_ws/install/annin_ar4_moveit_config/share/annin_ar4_moveit_config/local_setup.bash
-- Installing: /home/abdi/Documents/GitHub/robotic-arm/ros2_ws/install/annin_ar4_moveit_config/share/annin_ar4_moveit_config/local_setup.sh
-- Installing: /home/abdi/Documents/GitHub/robotic-arm/ros2_ws/install/annin_ar4_moveit_config/share/annin_ar4_moveit_config/local_setup.zsh
-- Installing: /home/abdi/Documents/GitHub/robotic-arm/ros2_ws/install/annin_ar4_moveit_config/share/annin_ar4_moveit_config/local_setup.dsv
-- Installing: /home/abdi/Documents/GitHub/robotic-arm/ros2_ws/install/annin_ar4_moveit_config/share/annin_ar4_moveit_config/package.dsv
-- Installing: /home/abdi/Documents/GitHub/robotic-arm/ros2_ws/install/annin_ar4_moveit_config/share/ament_index/resource_index/packages/annin_ar4_moveit_config
-- Installing: /home/abdi/Documents/GitHub/robotic-arm/ros2_ws/install/annin_ar4_moveit_config/share/annin_ar4_moveit_config/cmake/annin_ar4_moveit_configConfig.cmake
-- Installing: /home/abdi/Documents/GitHub/robotic-arm/ros2_ws/install/annin_ar4_moveit_config/share/annin_ar4_moveit_config/cmake/annin_ar4_moveit_configConfig-version.cmake
-- Installing: /home/abdi/Documents/GitHub/robotic-arm/ros2_ws/install/annin_ar4_moveit_config/share/annin_ar4_moveit_config/package.xml
