Built target ament_cmake_python_copy_arm_control
running egg_info
writing arm_control.egg-info/PKG-INFO
writing dependency_links to arm_control.egg-info/dependency_links.txt
writing top-level names to arm_control.egg-info/top_level.txt
reading manifest file 'arm_control.egg-info/SOURCES.txt'
writing manifest file 'arm_control.egg-info/SOURCES.txt'
Built target ament_cmake_python_build_arm_control_egg
-- Install configuration: ""
-- Installing: /home/abdi/Documents/GitHub/robotic-arm/ros2_ws/install/arm_control/share/arm_control/environment/resource_paths.dsv
-- Installing: /home/abdi/Documents/GitHub/robotic-arm/ros2_ws/install/arm_control/share/arm_control/description
-- Installing: /home/abdi/Documents/GitHub/robotic-arm/ros2_ws/install/arm_control/share/arm_control/description/meshes
-- Installing: /home/abdi/Documents/GitHub/robotic-arm/ros2_ws/install/arm_control/share/arm_control/description/meshes/ARM-A01.STL
-- Installing: /home/abdi/Documents/GitHub/robotic-arm/ros2_ws/install/arm_control/share/arm_control/description/meshes/ARM-A03.STL
-- Installing: /home/abdi/Documents/GitHub/robotic-arm/ros2_ws/install/arm_control/share/arm_control/description/meshes/Link1.STL
-- Installing: /home/abdi/Documents/GitHub/robotic-arm/ros2_ws/install/arm_control/share/arm_control/description/meshes/ARM-A02.STL
-- Installing: /home/abdi/Documents/GitHub/robotic-arm/ros2_ws/install/arm_control/share/arm_control/description/meshes/Link6.STL
-- Installing: /home/abdi/Documents/GitHub/robotic-arm/ros2_ws/install/arm_control/share/arm_control/description/meshes/Link2.STL
-- Installing: /home/abdi/Documents/GitHub/robotic-arm/ros2_ws/install/arm_control/share/arm_control/description/meshes/base_link.STL
-- Installing: /home/abdi/Documents/GitHub/robotic-arm/ros2_ws/install/arm_control/share/arm_control/description/meshes/ARM-A06.STL
-- Installing: /home/abdi/Documents/GitHub/robotic-arm/ros2_ws/install/arm_control/share/arm_control/description/meshes/ARM-A04.STL
-- Installing: /home/abdi/Documents/GitHub/robotic-arm/ros2_ws/install/arm_control/share/arm_control/description/meshes/Link4.STL
-- Installing: /home/abdi/Documents/GitHub/robotic-arm/ros2_ws/install/arm_control/share/arm_control/description/meshes/Link5.STL
-- Installing: /home/abdi/Documents/GitHub/robotic-arm/ros2_ws/install/arm_control/share/arm_control/description/meshes/Link3.STL
-- Installing: /home/abdi/Documents/GitHub/robotic-arm/ros2_ws/install/arm_control/share/arm_control/description/meshes/yurs
-- Installing: /home/abdi/Documents/GitHub/robotic-arm/ros2_ws/install/arm_control/share/arm_control/description/meshes/yurs/link4.STL
-- Installing: /home/abdi/Documents/GitHub/robotic-arm/ros2_ws/install/arm_control/share/arm_control/description/meshes/yurs/base_link.STL
-- Installing: /home/abdi/Documents/GitHub/robotic-arm/ros2_ws/install/arm_control/share/arm_control/description/meshes/yurs/link2.STL
-- Installing: /home/abdi/Documents/GitHub/robotic-arm/ros2_ws/install/arm_control/share/arm_control/description/meshes/yurs/link1.STL
-- Installing: /home/abdi/Documents/GitHub/robotic-arm/ros2_ws/install/arm_control/share/arm_control/description/meshes/yurs/link3.STL
-- Installing: /home/abdi/Documents/GitHub/robotic-arm/ros2_ws/install/arm_control/share/arm_control/description/meshes/yurs/link5.STL
-- Installing: /home/abdi/Documents/GitHub/robotic-arm/ros2_ws/install/arm_control/share/arm_control/description/meshes/yurs/link6.STL
-- Installing: /home/abdi/Documents/GitHub/robotic-arm/ros2_ws/install/arm_control/share/arm_control/description/meshes/ARM-A05.STL
-- Installing: /home/abdi/Documents/GitHub/robotic-arm/ros2_ws/install/arm_control/share/arm_control/description/yurs_base_station.urdf.xacro
-- Installing: /home/abdi/Documents/GitHub/robotic-arm/ros2_ws/install/arm_control/share/arm_control/description/hooks
-- Installing: /home/abdi/Documents/GitHub/robotic-arm/ros2_ws/install/arm_control/share/arm_control/description/hooks/resource_paths.dsv.in
-- Installing: /home/abdi/Documents/GitHub/robotic-arm/ros2_ws/install/arm_control/share/arm_control/description/arm_simulation.urdf.xacro
-- Installing: /home/abdi/Documents/GitHub/robotic-arm/ros2_ws/install/arm_control/share/arm_control/description/robotic_arm_4.urdf
-- Installing: /home/abdi/Documents/GitHub/robotic-arm/ros2_ws/install/arm_control/share/arm_control/description/hardware_launch.urdf.xacro
-- Installing: /home/abdi/Documents/GitHub/robotic-arm/ros2_ws/install/arm_control/share/arm_control/description/base_station.urdf.xacro
-- Installing: /home/abdi/Documents/GitHub/robotic-arm/ros2_ws/install/arm_control/share/arm_control/description/hardware_macros.xacro
-- Installing: /home/abdi/Documents/GitHub/robotic-arm/ros2_ws/install/arm_control/share/arm_control/description/macros.xacro
-- Installing: /home/abdi/Documents/GitHub/robotic-arm/ros2_ws/install/arm_control/share/arm_control/description/arm.ros2_control.xacro
-- Installing: /home/abdi/Documents/GitHub/robotic-arm/ros2_ws/install/arm_control/share/arm_control/description/arm_hardware.urdf.xacro
-- Installing: /home/abdi/Documents/GitHub/robotic-arm/ros2_ws/install/arm_control/share/arm_control/env-hooks
-- Installing: /home/abdi/Documents/GitHub/robotic-arm/ros2_ws/install/arm_control/share/arm_control/env-hooks/99-arm-control-models.dsv
-- Installing: /home/abdi/Documents/GitHub/robotic-arm/ros2_ws/install/arm_control/share/arm_control/environment/pythonpath.sh
-- Installing: /home/abdi/Documents/GitHub/robotic-arm/ros2_ws/install/arm_control/share/arm_control/environment/pythonpath.dsv
-- Installing: /home/abdi/Documents/GitHub/robotic-arm/ros2_ws/install/arm_control/local/lib/python3.10/dist-packages/arm_control-0.0.0-py3.10.egg-info
-- Installing: /home/abdi/Documents/GitHub/robotic-arm/ros2_ws/install/arm_control/local/lib/python3.10/dist-packages/arm_control-0.0.0-py3.10.egg-info/SOURCES.txt
-- Installing: /home/abdi/Documents/GitHub/robotic-arm/ros2_ws/install/arm_control/local/lib/python3.10/dist-packages/arm_control-0.0.0-py3.10.egg-info/PKG-INFO
-- Installing: /home/abdi/Documents/GitHub/robotic-arm/ros2_ws/install/arm_control/local/lib/python3.10/dist-packages/arm_control-0.0.0-py3.10.egg-info/dependency_links.txt
-- Installing: /home/abdi/Documents/GitHub/robotic-arm/ros2_ws/install/arm_control/local/lib/python3.10/dist-packages/arm_control-0.0.0-py3.10.egg-info/top_level.txt
-- Installing: /home/abdi/Documents/GitHub/robotic-arm/ros2_ws/install/arm_control/local/lib/python3.10/dist-packages/arm_control
-- Installing: /home/abdi/Documents/GitHub/robotic-arm/ros2_ws/install/arm_control/local/lib/python3.10/dist-packages/arm_control/__init__.py
Listing '/home/abdi/Documents/GitHub/robotic-arm/ros2_ws/install/arm_control/local/lib/python3.10/dist-packages/arm_control'...
Compiling '/home/abdi/Documents/GitHub/robotic-arm/ros2_ws/install/arm_control/local/lib/python3.10/dist-packages/arm_control/__init__.py'...
-- Installing: /home/abdi/Documents/GitHub/robotic-arm/ros2_ws/install/arm_control/lib/arm_control/PID.py
-- Installing: /home/abdi/Documents/GitHub/robotic-arm/ros2_ws/install/arm_control/lib/arm_control/kinematics.py
-- Installing: /home/abdi/Documents/GitHub/robotic-arm/ros2_ws/install/arm_control/lib/arm_control/arm_states_encoder.py
-- Installing: /home/abdi/Documents/GitHub/robotic-arm/ros2_ws/install/arm_control/lib/arm_control/arm_states_decoder.py
-- Installing: /home/abdi/Documents/GitHub/robotic-arm/ros2_ws/install/arm_control/lib/arm_control/base_station_encoder.py
-- Installing: /home/abdi/Documents/GitHub/robotic-arm/ros2_ws/install/arm_control/lib/arm_control/base_station_decoder.py
-- Installing: /home/abdi/Documents/GitHub/robotic-arm/ros2_ws/install/arm_control/lib/arm_control/base_station_transmitter.py
-- Installing: /home/abdi/Documents/GitHub/robotic-arm/ros2_ws/install/arm_control/lib/arm_control/base_station_receiver.py
-- Installing: /home/abdi/Documents/GitHub/robotic-arm/ros2_ws/install/arm_control/lib/arm_control/arm_receiver.py
-- Installing: /home/abdi/Documents/GitHub/robotic-arm/ros2_ws/install/arm_control/lib/arm_control/arm_transmitter.py
-- Installing: /home/abdi/Documents/GitHub/robotic-arm/ros2_ws/install/arm_control/share/arm_control//config
-- Installing: /home/abdi/Documents/GitHub/robotic-arm/ros2_ws/install/arm_control/share/arm_control//config/arm_controllers.yaml
-- Installing: /home/abdi/Documents/GitHub/robotic-arm/ros2_ws/install/arm_control/share/arm_control//config/2arms.rviz
-- Up-to-date: /home/abdi/Documents/GitHub/robotic-arm/ros2_ws/install/arm_control/share/arm_control//description
-- Up-to-date: /home/abdi/Documents/GitHub/robotic-arm/ros2_ws/install/arm_control/share/arm_control//description/meshes
-- Up-to-date: /home/abdi/Documents/GitHub/robotic-arm/ros2_ws/install/arm_control/share/arm_control//description/meshes/ARM-A01.STL
-- Up-to-date: /home/abdi/Documents/GitHub/robotic-arm/ros2_ws/install/arm_control/share/arm_control//description/meshes/ARM-A03.STL
-- Up-to-date: /home/abdi/Documents/GitHub/robotic-arm/ros2_ws/install/arm_control/share/arm_control//description/meshes/Link1.STL
-- Up-to-date: /home/abdi/Documents/GitHub/robotic-arm/ros2_ws/install/arm_control/share/arm_control//description/meshes/ARM-A02.STL
-- Up-to-date: /home/abdi/Documents/GitHub/robotic-arm/ros2_ws/install/arm_control/share/arm_control//description/meshes/Link6.STL
-- Up-to-date: /home/abdi/Documents/GitHub/robotic-arm/ros2_ws/install/arm_control/share/arm_control//description/meshes/Link2.STL
-- Up-to-date: /home/abdi/Documents/GitHub/robotic-arm/ros2_ws/install/arm_control/share/arm_control//description/meshes/base_link.STL
-- Up-to-date: /home/abdi/Documents/GitHub/robotic-arm/ros2_ws/install/arm_control/share/arm_control//description/meshes/ARM-A06.STL
-- Up-to-date: /home/abdi/Documents/GitHub/robotic-arm/ros2_ws/install/arm_control/share/arm_control//description/meshes/ARM-A04.STL
-- Up-to-date: /home/abdi/Documents/GitHub/robotic-arm/ros2_ws/install/arm_control/share/arm_control//description/meshes/Link4.STL
-- Up-to-date: /home/abdi/Documents/GitHub/robotic-arm/ros2_ws/install/arm_control/share/arm_control//description/meshes/Link5.STL
-- Up-to-date: /home/abdi/Documents/GitHub/robotic-arm/ros2_ws/install/arm_control/share/arm_control//description/meshes/Link3.STL
-- Up-to-date: /home/abdi/Documents/GitHub/robotic-arm/ros2_ws/install/arm_control/share/arm_control//description/meshes/yurs
-- Up-to-date: /home/abdi/Documents/GitHub/robotic-arm/ros2_ws/install/arm_control/share/arm_control//description/meshes/yurs/link4.STL
-- Up-to-date: /home/abdi/Documents/GitHub/robotic-arm/ros2_ws/install/arm_control/share/arm_control//description/meshes/yurs/base_link.STL
-- Up-to-date: /home/abdi/Documents/GitHub/robotic-arm/ros2_ws/install/arm_control/share/arm_control//description/meshes/yurs/link2.STL
-- Up-to-date: /home/abdi/Documents/GitHub/robotic-arm/ros2_ws/install/arm_control/share/arm_control//description/meshes/yurs/link1.STL
-- Up-to-date: /home/abdi/Documents/GitHub/robotic-arm/ros2_ws/install/arm_control/share/arm_control//description/meshes/yurs/link3.STL
-- Up-to-date: /home/abdi/Documents/GitHub/robotic-arm/ros2_ws/install/arm_control/share/arm_control//description/meshes/yurs/link5.STL
-- Up-to-date: /home/abdi/Documents/GitHub/robotic-arm/ros2_ws/install/arm_control/share/arm_control//description/meshes/yurs/link6.STL
-- Up-to-date: /home/abdi/Documents/GitHub/robotic-arm/ros2_ws/install/arm_control/share/arm_control//description/meshes/ARM-A05.STL
-- Up-to-date: /home/abdi/Documents/GitHub/robotic-arm/ros2_ws/install/arm_control/share/arm_control//description/yurs_base_station.urdf.xacro
-- Up-to-date: /home/abdi/Documents/GitHub/robotic-arm/ros2_ws/install/arm_control/share/arm_control//description/hooks
-- Up-to-date: /home/abdi/Documents/GitHub/robotic-arm/ros2_ws/install/arm_control/share/arm_control//description/hooks/resource_paths.dsv.in
-- Up-to-date: /home/abdi/Documents/GitHub/robotic-arm/ros2_ws/install/arm_control/share/arm_control//description/arm_simulation.urdf.xacro
-- Up-to-date: /home/abdi/Documents/GitHub/robotic-arm/ros2_ws/install/arm_control/share/arm_control//description/robotic_arm_4.urdf
-- Up-to-date: /home/abdi/Documents/GitHub/robotic-arm/ros2_ws/install/arm_control/share/arm_control//description/hardware_launch.urdf.xacro
-- Up-to-date: /home/abdi/Documents/GitHub/robotic-arm/ros2_ws/install/arm_control/share/arm_control//description/base_station.urdf.xacro
-- Up-to-date: /home/abdi/Documents/GitHub/robotic-arm/ros2_ws/install/arm_control/share/arm_control//description/hardware_macros.xacro
-- Up-to-date: /home/abdi/Documents/GitHub/robotic-arm/ros2_ws/install/arm_control/share/arm_control//description/macros.xacro
-- Up-to-date: /home/abdi/Documents/GitHub/robotic-arm/ros2_ws/install/arm_control/share/arm_control//description/arm.ros2_control.xacro
-- Up-to-date: /home/abdi/Documents/GitHub/robotic-arm/ros2_ws/install/arm_control/share/arm_control//description/arm_hardware.urdf.xacro
-- Installing: /home/abdi/Documents/GitHub/robotic-arm/ros2_ws/install/arm_control/share/arm_control//launch
-- Installing: /home/abdi/Documents/GitHub/robotic-arm/ros2_ws/install/arm_control/share/arm_control//launch/base_station.launch.py
-- Installing: /home/abdi/Documents/GitHub/robotic-arm/ros2_ws/install/arm_control/share/arm_control//launch/urdf_test.launch.py
-- Installing: /home/abdi/Documents/GitHub/robotic-arm/ros2_ws/install/arm_control/share/arm_control//launch/arm_hardware.launch.py
-- Installing: /home/abdi/Documents/GitHub/robotic-arm/ros2_ws/install/arm_control/share/arm_control//launch/arm_simulation.launch.py
-- Installing: /home/abdi/Documents/GitHub/robotic-arm/ros2_ws/install/arm_control/share/arm_control//worlds
-- Installing: /home/abdi/Documents/GitHub/robotic-arm/ros2_ws/install/arm_control/share/arm_control//worlds/empty.world
-- Up-to-date: /home/abdi/Documents/GitHub/robotic-arm/ros2_ws/install/arm_control/share/arm_control//env-hooks
-- Up-to-date: /home/abdi/Documents/GitHub/robotic-arm/ros2_ws/install/arm_control/share/arm_control//env-hooks/99-arm-control-models.dsv
-- Installing: /home/abdi/Documents/GitHub/robotic-arm/ros2_ws/install/arm_control/share/ament_index/resource_index/package_run_dependencies/arm_control
-- Installing: /home/abdi/Documents/GitHub/robotic-arm/ros2_ws/install/arm_control/share/ament_index/resource_index/parent_prefix_path/arm_control
-- Installing: /home/abdi/Documents/GitHub/robotic-arm/ros2_ws/install/arm_control/share/arm_control/environment/ament_prefix_path.sh
-- Installing: /home/abdi/Documents/GitHub/robotic-arm/ros2_ws/install/arm_control/share/arm_control/environment/ament_prefix_path.dsv
-- Installing: /home/abdi/Documents/GitHub/robotic-arm/ros2_ws/install/arm_control/share/arm_control/environment/path.sh
-- Installing: /home/abdi/Documents/GitHub/robotic-arm/ros2_ws/install/arm_control/share/arm_control/environment/path.dsv
-- Installing: /home/abdi/Documents/GitHub/robotic-arm/ros2_ws/install/arm_control/share/arm_control/local_setup.bash
-- Installing: /home/abdi/Documents/GitHub/robotic-arm/ros2_ws/install/arm_control/share/arm_control/local_setup.sh
-- Installing: /home/abdi/Documents/GitHub/robotic-arm/ros2_ws/install/arm_control/share/arm_control/local_setup.zsh
-- Installing: /home/abdi/Documents/GitHub/robotic-arm/ros2_ws/install/arm_control/share/arm_control/local_setup.dsv
-- Installing: /home/abdi/Documents/GitHub/robotic-arm/ros2_ws/install/arm_control/share/arm_control/package.dsv
-- Installing: /home/abdi/Documents/GitHub/robotic-arm/ros2_ws/install/arm_control/share/ament_index/resource_index/packages/arm_control
-- Installing: /home/abdi/Documents/GitHub/robotic-arm/ros2_ws/install/arm_control/share/arm_control/cmake/arm_controlConfig.cmake
-- Installing: /home/abdi/Documents/GitHub/robotic-arm/ros2_ws/install/arm_control/share/arm_control/cmake/arm_controlConfig-version.cmake
-- Installing: /home/abdi/Documents/GitHub/robotic-arm/ros2_ws/install/arm_control/share/arm_control/package.xml
