[0.055s] Invoking command in '/home/abdi/Documents/GitHub/robotic-arm/ros2_ws/build/arm_control': CMAKE_PREFIX_PATH=${CMAKE_PREFIX_PATH}:/home/abdi/Documents/GitHub/robotic-arm/ros2_ws/install/communication_server:/home/abdi/ros2_humble/install/rqt_bag_plugins:/home/abdi/ros2_humble/install/rqt_bag:/home/abdi/ros2_humble/install/ros2bag:/home/abdi/ros2_humble/install/tracetools_test:/home/abdi/ros2_humble/install/tracetools_launch:/home/abdi/ros2_humble/install/topic_monitor:/home/abdi/ros2_humble/install/tf2_tools:/home/abdi/ros2_humble/install/examples_tf2_py:/home/abdi/ros2_humble/install/tf2_ros_py:/home/abdi/ros2_humble/install/sros2:/home/abdi/ros2_humble/install/rqt_topic:/home/abdi/ros2_humble/install/rqt_srv:/home/abdi/ros2_humble/install/rqt_shell:/home/abdi/ros2_humble/install/rqt_service_caller:/home/abdi/ros2_humble/install/rqt_reconfigure:/home/abdi/ros2_humble/install/rqt_py_console:/home/abdi/ros2_humble/install/rqt_publisher:/home/abdi/ros2_humble/install/rqt_plot:/home/abdi/ros2_humble/install/rqt_action:/home/abdi/ros2_humble/install/rqt_msg:/home/abdi/ros2_humble/install/rqt_console:/home/abdi/ros2_humble/install/rqt:/home/abdi/ros2_humble/install/rqt_graph:/home/abdi/ros2_humble/install/rqt_gui_py:/home/abdi/ros2_humble/install/rqt_gui:/home/abdi/ros2_humble/install/ros2trace:/home/abdi/ros2_humble/install/ros2topic:/home/abdi/ros2_humble/install/ros2test:/home/abdi/ros2_humble/install/ros2component:/home/abdi/ros2_humble/install/ros2param:/home/abdi/ros2_humble/install/ros2lifecycle:/home/abdi/ros2_humble/install/ros2service:/home/abdi/ros2_humble/install/ros2run:/home/abdi/ros2_humble/install/ros2launch:/home/abdi/ros2_humble/install/ros2pkg:/home/abdi/ros2_humble/install/ros2node:/home/abdi/ros2_humble/install/ros2multicast:/home/abdi/ros2_humble/install/ros2interface:/home/abdi/ros2_humble/install/ros2doctor:/home/abdi/ros2_humble/install/ros2action:/home/abdi/ros2_humble/install/ros2cli:/home/abdi/ros2_humble/install/quality_of_service_demo_py:/home/abdi/ros2_humble/install/lifecycle_py:/home/abdi/ros2_humble/install/launch_testing_ros:/home/abdi/ros2_humble/install/launch_ros:/home/abdi/ros2_humble/install/examples_rclpy_pointcloud_publisher:/home/abdi/ros2_humble/install/examples_rclpy_minimal_subscriber:/home/abdi/ros2_humble/install/examples_rclpy_minimal_service:/home/abdi/ros2_humble/install/examples_rclpy_minimal_publisher:/home/abdi/ros2_humble/install/examples_rclpy_minimal_client:/home/abdi/ros2_humble/install/examples_rclpy_minimal_action_server:/home/abdi/ros2_humble/install/examples_rclpy_minimal_action_client:/home/abdi/ros2_humble/install/examples_rclpy_guard_conditions:/home/abdi/ros2_humble/install/examples_rclpy_executors:/home/abdi/ros2_humble/install/demo_nodes_py:/home/abdi/ros2_humble/install/action_tutorials_py:/home/abdi/ros2_humble/install/ament_uncrustify:/home/abdi/ros2_humble/install/tracetools_trace:/home/abdi/ros2_humble/install/tracetools_read:/home/abdi/ros2_humble/install/test_tracetools_launch:/home/abdi/ros2_humble/install/test_launch_ros:/home/abdi/ros2_humble/install/sensor_msgs_py:/home/abdi/ros2_humble/install/rpyutils:/home/abdi/ros2_humble/install/rosidl_runtime_py:/home/abdi/ros2_humble/install/rosidl_cli:/home/abdi/ros2_humble/install/launch_pytest:/home/abdi/ros2_humble/install/launch_testing:/home/abdi/ros2_humble/install/launch_yaml:/home/abdi/ros2_humble/install/launch_xml:/home/abdi/ros2_humble/install/launch:/home/abdi/ros2_humble/install/osrf_pycommon:/home/abdi/ros2_humble/install/launch_testing_examples:/home/abdi/ros2_humble/install/domain_coordinator:/home/abdi/ros2_humble/install/ament_xmllint:/home/abdi/ros2_humble/install/ament_pyflakes:/home/abdi/ros2_humble/install/ament_pycodestyle:/home/abdi/ros2_humble/install/ament_pep257:/home/abdi/ros2_humble/install/ament_pclint:/home/abdi/ros2_humble/install/ament_package:/home/abdi/ros2_humble/install/ament_mypy:/home/abdi/ros2_humble/install/ament_lint_cmake:/home/abdi/ros2_humble/install/ament_flake8:/home/abdi/ros2_humble/install/ament_copyright:/home/abdi/ros2_humble/install/ament_lint:/home/abdi/ros2_humble/install/ament_index_python:/home/abdi/ros2_humble/install/ament_cpplint:/home/abdi/ros2_humble/install/ament_cppcheck:/home/abdi/ros2_humble/install/ament_clang_tidy:/home/abdi/ros2_humble/install/ament_clang_format:/opt/ros/humble /usr/bin/cmake --build /home/abdi/Documents/GitHub/robotic-arm/ros2_ws/build/arm_control -- -j12 -l12
[0.191s] Built target ament_cmake_python_copy_arm_control
[0.776s] running egg_info
[0.820s] writing arm_control.egg-info/PKG-INFO
[0.821s] writing dependency_links to arm_control.egg-info/dependency_links.txt
[0.821s] writing top-level names to arm_control.egg-info/top_level.txt
[0.952s] reading manifest file 'arm_control.egg-info/SOURCES.txt'
[0.952s] writing manifest file 'arm_control.egg-info/SOURCES.txt'
[0.995s] Built target ament_cmake_python_build_arm_control_egg
[1.012s] Invoked command in '/home/abdi/Documents/GitHub/robotic-arm/ros2_ws/build/arm_control' returned '0': CMAKE_PREFIX_PATH=${CMAKE_PREFIX_PATH}:/home/abdi/Documents/GitHub/robotic-arm/ros2_ws/install/communication_server:/home/abdi/ros2_humble/install/rqt_bag_plugins:/home/abdi/ros2_humble/install/rqt_bag:/home/abdi/ros2_humble/install/ros2bag:/home/abdi/ros2_humble/install/tracetools_test:/home/abdi/ros2_humble/install/tracetools_launch:/home/abdi/ros2_humble/install/topic_monitor:/home/abdi/ros2_humble/install/tf2_tools:/home/abdi/ros2_humble/install/examples_tf2_py:/home/abdi/ros2_humble/install/tf2_ros_py:/home/abdi/ros2_humble/install/sros2:/home/abdi/ros2_humble/install/rqt_topic:/home/abdi/ros2_humble/install/rqt_srv:/home/abdi/ros2_humble/install/rqt_shell:/home/abdi/ros2_humble/install/rqt_service_caller:/home/abdi/ros2_humble/install/rqt_reconfigure:/home/abdi/ros2_humble/install/rqt_py_console:/home/abdi/ros2_humble/install/rqt_publisher:/home/abdi/ros2_humble/install/rqt_plot:/home/abdi/ros2_humble/install/rqt_action:/home/abdi/ros2_humble/install/rqt_msg:/home/abdi/ros2_humble/install/rqt_console:/home/abdi/ros2_humble/install/rqt:/home/abdi/ros2_humble/install/rqt_graph:/home/abdi/ros2_humble/install/rqt_gui_py:/home/abdi/ros2_humble/install/rqt_gui:/home/abdi/ros2_humble/install/ros2trace:/home/abdi/ros2_humble/install/ros2topic:/home/abdi/ros2_humble/install/ros2test:/home/abdi/ros2_humble/install/ros2component:/home/abdi/ros2_humble/install/ros2param:/home/abdi/ros2_humble/install/ros2lifecycle:/home/abdi/ros2_humble/install/ros2service:/home/abdi/ros2_humble/install/ros2run:/home/abdi/ros2_humble/install/ros2launch:/home/abdi/ros2_humble/install/ros2pkg:/home/abdi/ros2_humble/install/ros2node:/home/abdi/ros2_humble/install/ros2multicast:/home/abdi/ros2_humble/install/ros2interface:/home/abdi/ros2_humble/install/ros2doctor:/home/abdi/ros2_humble/install/ros2action:/home/abdi/ros2_humble/install/ros2cli:/home/abdi/ros2_humble/install/quality_of_service_demo_py:/home/abdi/ros2_humble/install/lifecycle_py:/home/abdi/ros2_humble/install/launch_testing_ros:/home/abdi/ros2_humble/install/launch_ros:/home/abdi/ros2_humble/install/examples_rclpy_pointcloud_publisher:/home/abdi/ros2_humble/install/examples_rclpy_minimal_subscriber:/home/abdi/ros2_humble/install/examples_rclpy_minimal_service:/home/abdi/ros2_humble/install/examples_rclpy_minimal_publisher:/home/abdi/ros2_humble/install/examples_rclpy_minimal_client:/home/abdi/ros2_humble/install/examples_rclpy_minimal_action_server:/home/abdi/ros2_humble/install/examples_rclpy_minimal_action_client:/home/abdi/ros2_humble/install/examples_rclpy_guard_conditions:/home/abdi/ros2_humble/install/examples_rclpy_executors:/home/abdi/ros2_humble/install/demo_nodes_py:/home/abdi/ros2_humble/install/action_tutorials_py:/home/abdi/ros2_humble/install/ament_uncrustify:/home/abdi/ros2_humble/install/tracetools_trace:/home/abdi/ros2_humble/install/tracetools_read:/home/abdi/ros2_humble/install/test_tracetools_launch:/home/abdi/ros2_humble/install/test_launch_ros:/home/abdi/ros2_humble/install/sensor_msgs_py:/home/abdi/ros2_humble/install/rpyutils:/home/abdi/ros2_humble/install/rosidl_runtime_py:/home/abdi/ros2_humble/install/rosidl_cli:/home/abdi/ros2_humble/install/launch_pytest:/home/abdi/ros2_humble/install/launch_testing:/home/abdi/ros2_humble/install/launch_yaml:/home/abdi/ros2_humble/install/launch_xml:/home/abdi/ros2_humble/install/launch:/home/abdi/ros2_humble/install/osrf_pycommon:/home/abdi/ros2_humble/install/launch_testing_examples:/home/abdi/ros2_humble/install/domain_coordinator:/home/abdi/ros2_humble/install/ament_xmllint:/home/abdi/ros2_humble/install/ament_pyflakes:/home/abdi/ros2_humble/install/ament_pycodestyle:/home/abdi/ros2_humble/install/ament_pep257:/home/abdi/ros2_humble/install/ament_pclint:/home/abdi/ros2_humble/install/ament_package:/home/abdi/ros2_humble/install/ament_mypy:/home/abdi/ros2_humble/install/ament_lint_cmake:/home/abdi/ros2_humble/install/ament_flake8:/home/abdi/ros2_humble/install/ament_copyright:/home/abdi/ros2_humble/install/ament_lint:/home/abdi/ros2_humble/install/ament_index_python:/home/abdi/ros2_humble/install/ament_cpplint:/home/abdi/ros2_humble/install/ament_cppcheck:/home/abdi/ros2_humble/install/ament_clang_tidy:/home/abdi/ros2_humble/install/ament_clang_format:/opt/ros/humble /usr/bin/cmake --build /home/abdi/Documents/GitHub/robotic-arm/ros2_ws/build/arm_control -- -j12 -l12
[1.077s] Invoking command in '/home/abdi/Documents/GitHub/robotic-arm/ros2_ws/build/arm_control': CMAKE_PREFIX_PATH=${CMAKE_PREFIX_PATH}:/home/abdi/Documents/GitHub/robotic-arm/ros2_ws/install/communication_server:/home/abdi/ros2_humble/install/rqt_bag_plugins:/home/abdi/ros2_humble/install/rqt_bag:/home/abdi/ros2_humble/install/ros2bag:/home/abdi/ros2_humble/install/tracetools_test:/home/abdi/ros2_humble/install/tracetools_launch:/home/abdi/ros2_humble/install/topic_monitor:/home/abdi/ros2_humble/install/tf2_tools:/home/abdi/ros2_humble/install/examples_tf2_py:/home/abdi/ros2_humble/install/tf2_ros_py:/home/abdi/ros2_humble/install/sros2:/home/abdi/ros2_humble/install/rqt_topic:/home/abdi/ros2_humble/install/rqt_srv:/home/abdi/ros2_humble/install/rqt_shell:/home/abdi/ros2_humble/install/rqt_service_caller:/home/abdi/ros2_humble/install/rqt_reconfigure:/home/abdi/ros2_humble/install/rqt_py_console:/home/abdi/ros2_humble/install/rqt_publisher:/home/abdi/ros2_humble/install/rqt_plot:/home/abdi/ros2_humble/install/rqt_action:/home/abdi/ros2_humble/install/rqt_msg:/home/abdi/ros2_humble/install/rqt_console:/home/abdi/ros2_humble/install/rqt:/home/abdi/ros2_humble/install/rqt_graph:/home/abdi/ros2_humble/install/rqt_gui_py:/home/abdi/ros2_humble/install/rqt_gui:/home/abdi/ros2_humble/install/ros2trace:/home/abdi/ros2_humble/install/ros2topic:/home/abdi/ros2_humble/install/ros2test:/home/abdi/ros2_humble/install/ros2component:/home/abdi/ros2_humble/install/ros2param:/home/abdi/ros2_humble/install/ros2lifecycle:/home/abdi/ros2_humble/install/ros2service:/home/abdi/ros2_humble/install/ros2run:/home/abdi/ros2_humble/install/ros2launch:/home/abdi/ros2_humble/install/ros2pkg:/home/abdi/ros2_humble/install/ros2node:/home/abdi/ros2_humble/install/ros2multicast:/home/abdi/ros2_humble/install/ros2interface:/home/abdi/ros2_humble/install/ros2doctor:/home/abdi/ros2_humble/install/ros2action:/home/abdi/ros2_humble/install/ros2cli:/home/abdi/ros2_humble/install/quality_of_service_demo_py:/home/abdi/ros2_humble/install/lifecycle_py:/home/abdi/ros2_humble/install/launch_testing_ros:/home/abdi/ros2_humble/install/launch_ros:/home/abdi/ros2_humble/install/examples_rclpy_pointcloud_publisher:/home/abdi/ros2_humble/install/examples_rclpy_minimal_subscriber:/home/abdi/ros2_humble/install/examples_rclpy_minimal_service:/home/abdi/ros2_humble/install/examples_rclpy_minimal_publisher:/home/abdi/ros2_humble/install/examples_rclpy_minimal_client:/home/abdi/ros2_humble/install/examples_rclpy_minimal_action_server:/home/abdi/ros2_humble/install/examples_rclpy_minimal_action_client:/home/abdi/ros2_humble/install/examples_rclpy_guard_conditions:/home/abdi/ros2_humble/install/examples_rclpy_executors:/home/abdi/ros2_humble/install/demo_nodes_py:/home/abdi/ros2_humble/install/action_tutorials_py:/home/abdi/ros2_humble/install/ament_uncrustify:/home/abdi/ros2_humble/install/tracetools_trace:/home/abdi/ros2_humble/install/tracetools_read:/home/abdi/ros2_humble/install/test_tracetools_launch:/home/abdi/ros2_humble/install/test_launch_ros:/home/abdi/ros2_humble/install/sensor_msgs_py:/home/abdi/ros2_humble/install/rpyutils:/home/abdi/ros2_humble/install/rosidl_runtime_py:/home/abdi/ros2_humble/install/rosidl_cli:/home/abdi/ros2_humble/install/launch_pytest:/home/abdi/ros2_humble/install/launch_testing:/home/abdi/ros2_humble/install/launch_yaml:/home/abdi/ros2_humble/install/launch_xml:/home/abdi/ros2_humble/install/launch:/home/abdi/ros2_humble/install/osrf_pycommon:/home/abdi/ros2_humble/install/launch_testing_examples:/home/abdi/ros2_humble/install/domain_coordinator:/home/abdi/ros2_humble/install/ament_xmllint:/home/abdi/ros2_humble/install/ament_pyflakes:/home/abdi/ros2_humble/install/ament_pycodestyle:/home/abdi/ros2_humble/install/ament_pep257:/home/abdi/ros2_humble/install/ament_pclint:/home/abdi/ros2_humble/install/ament_package:/home/abdi/ros2_humble/install/ament_mypy:/home/abdi/ros2_humble/install/ament_lint_cmake:/home/abdi/ros2_humble/install/ament_flake8:/home/abdi/ros2_humble/install/ament_copyright:/home/abdi/ros2_humble/install/ament_lint:/home/abdi/ros2_humble/install/ament_index_python:/home/abdi/ros2_humble/install/ament_cpplint:/home/abdi/ros2_humble/install/ament_cppcheck:/home/abdi/ros2_humble/install/ament_clang_tidy:/home/abdi/ros2_humble/install/ament_clang_format:/opt/ros/humble /usr/bin/cmake --install /home/abdi/Documents/GitHub/robotic-arm/ros2_ws/build/arm_control
[1.091s] -- Install configuration: ""
[1.091s] -- Installing: /home/abdi/Documents/GitHub/robotic-arm/ros2_ws/install/arm_control/share/arm_control/environment/resource_paths.dsv
[1.091s] -- Installing: /home/abdi/Documents/GitHub/robotic-arm/ros2_ws/install/arm_control/share/arm_control/description
[1.091s] -- Installing: /home/abdi/Documents/GitHub/robotic-arm/ros2_ws/install/arm_control/share/arm_control/description/meshes
[1.091s] -- Installing: /home/abdi/Documents/GitHub/robotic-arm/ros2_ws/install/arm_control/share/arm_control/description/meshes/ARM-A01.STL
[1.093s] -- Installing: /home/abdi/Documents/GitHub/robotic-arm/ros2_ws/install/arm_control/share/arm_control/description/meshes/ARM-A03.STL
[1.094s] -- Installing: /home/abdi/Documents/GitHub/robotic-arm/ros2_ws/install/arm_control/share/arm_control/description/meshes/Link1.STL
[1.095s] -- Installing: /home/abdi/Documents/GitHub/robotic-arm/ros2_ws/install/arm_control/share/arm_control/description/meshes/ARM-A02.STL
[1.095s] -- Installing: /home/abdi/Documents/GitHub/robotic-arm/ros2_ws/install/arm_control/share/arm_control/description/meshes/Link6.STL
[1.096s] -- Installing: /home/abdi/Documents/GitHub/robotic-arm/ros2_ws/install/arm_control/share/arm_control/description/meshes/Link2.STL
[1.096s] -- Installing: /home/abdi/Documents/GitHub/robotic-arm/ros2_ws/install/arm_control/share/arm_control/description/meshes/base_link.STL
[1.097s] -- Installing: /home/abdi/Documents/GitHub/robotic-arm/ros2_ws/install/arm_control/share/arm_control/description/meshes/ARM-A06.STL
[1.098s] -- Installing: /home/abdi/Documents/GitHub/robotic-arm/ros2_ws/install/arm_control/share/arm_control/description/meshes/ARM-A04.STL
[1.098s] -- Installing: /home/abdi/Documents/GitHub/robotic-arm/ros2_ws/install/arm_control/share/arm_control/description/meshes/Link4.STL
[1.099s] -- Installing: /home/abdi/Documents/GitHub/robotic-arm/ros2_ws/install/arm_control/share/arm_control/description/meshes/Link5.STL
[1.099s] -- Installing: /home/abdi/Documents/GitHub/robotic-arm/ros2_ws/install/arm_control/share/arm_control/description/meshes/Link3.STL
[1.100s] -- Installing: /home/abdi/Documents/GitHub/robotic-arm/ros2_ws/install/arm_control/share/arm_control/description/meshes/yurs
[1.100s] -- Installing: /home/abdi/Documents/GitHub/robotic-arm/ros2_ws/install/arm_control/share/arm_control/description/meshes/yurs/link4.STL
[1.105s] -- Installing: /home/abdi/Documents/GitHub/robotic-arm/ros2_ws/install/arm_control/share/arm_control/description/meshes/yurs/base_link.STL
[1.112s] -- Installing: /home/abdi/Documents/GitHub/robotic-arm/ros2_ws/install/arm_control/share/arm_control/description/meshes/yurs/link2.STL
[1.128s] -- Installing: /home/abdi/Documents/GitHub/robotic-arm/ros2_ws/install/arm_control/share/arm_control/description/meshes/yurs/link1.STL
[1.128s] -- Installing: /home/abdi/Documents/GitHub/robotic-arm/ros2_ws/install/arm_control/share/arm_control/description/meshes/yurs/link3.STL
[1.133s] -- Installing: /home/abdi/Documents/GitHub/robotic-arm/ros2_ws/install/arm_control/share/arm_control/description/meshes/yurs/link5.STL
[1.137s] -- Installing: /home/abdi/Documents/GitHub/robotic-arm/ros2_ws/install/arm_control/share/arm_control/description/meshes/yurs/link6.STL
[1.148s] -- Installing: /home/abdi/Documents/GitHub/robotic-arm/ros2_ws/install/arm_control/share/arm_control/description/meshes/ARM-A05.STL
[1.148s] -- Installing: /home/abdi/Documents/GitHub/robotic-arm/ros2_ws/install/arm_control/share/arm_control/description/yurs_base_station.urdf.xacro
[1.148s] -- Installing: /home/abdi/Documents/GitHub/robotic-arm/ros2_ws/install/arm_control/share/arm_control/description/hooks
[1.148s] -- Installing: /home/abdi/Documents/GitHub/robotic-arm/ros2_ws/install/arm_control/share/arm_control/description/hooks/resource_paths.dsv.in
[1.149s] -- Installing: /home/abdi/Documents/GitHub/robotic-arm/ros2_ws/install/arm_control/share/arm_control/description/arm_simulation.urdf.xacro
[1.149s] -- Installing: /home/abdi/Documents/GitHub/robotic-arm/ros2_ws/install/arm_control/share/arm_control/description/robotic_arm_4.urdf
[1.149s] -- Installing: /home/abdi/Documents/GitHub/robotic-arm/ros2_ws/install/arm_control/share/arm_control/description/hardware_launch.urdf.xacro
[1.149s] -- Installing: /home/abdi/Documents/GitHub/robotic-arm/ros2_ws/install/arm_control/share/arm_control/description/base_station.urdf.xacro
[1.149s] -- Installing: /home/abdi/Documents/GitHub/robotic-arm/ros2_ws/install/arm_control/share/arm_control/description/hardware_macros.xacro
[1.149s] -- Installing: /home/abdi/Documents/GitHub/robotic-arm/ros2_ws/install/arm_control/share/arm_control/description/macros.xacro
[1.149s] -- Installing: /home/abdi/Documents/GitHub/robotic-arm/ros2_ws/install/arm_control/share/arm_control/description/arm.ros2_control.xacro
[1.150s] -- Installing: /home/abdi/Documents/GitHub/robotic-arm/ros2_ws/install/arm_control/share/arm_control/description/arm_hardware.urdf.xacro
[1.150s] -- Installing: /home/abdi/Documents/GitHub/robotic-arm/ros2_ws/install/arm_control/share/arm_control/env-hooks
[1.150s] -- Installing: /home/abdi/Documents/GitHub/robotic-arm/ros2_ws/install/arm_control/share/arm_control/env-hooks/99-arm-control-models.dsv
[1.150s] -- Installing: /home/abdi/Documents/GitHub/robotic-arm/ros2_ws/install/arm_control/share/arm_control/environment/pythonpath.sh
[1.150s] -- Installing: /home/abdi/Documents/GitHub/robotic-arm/ros2_ws/install/arm_control/share/arm_control/environment/pythonpath.dsv
[1.150s] -- Installing: /home/abdi/Documents/GitHub/robotic-arm/ros2_ws/install/arm_control/local/lib/python3.10/dist-packages/arm_control-0.0.0-py3.10.egg-info
[1.150s] -- Installing: /home/abdi/Documents/GitHub/robotic-arm/ros2_ws/install/arm_control/local/lib/python3.10/dist-packages/arm_control-0.0.0-py3.10.egg-info/SOURCES.txt
[1.151s] -- Installing: /home/abdi/Documents/GitHub/robotic-arm/ros2_ws/install/arm_control/local/lib/python3.10/dist-packages/arm_control-0.0.0-py3.10.egg-info/PKG-INFO
[1.151s] -- Installing: /home/abdi/Documents/GitHub/robotic-arm/ros2_ws/install/arm_control/local/lib/python3.10/dist-packages/arm_control-0.0.0-py3.10.egg-info/dependency_links.txt
[1.151s] -- Installing: /home/abdi/Documents/GitHub/robotic-arm/ros2_ws/install/arm_control/local/lib/python3.10/dist-packages/arm_control-0.0.0-py3.10.egg-info/top_level.txt
[1.151s] -- Installing: /home/abdi/Documents/GitHub/robotic-arm/ros2_ws/install/arm_control/local/lib/python3.10/dist-packages/arm_control
[1.151s] -- Installing: /home/abdi/Documents/GitHub/robotic-arm/ros2_ws/install/arm_control/local/lib/python3.10/dist-packages/arm_control/__init__.py
[1.344s] Listing '/home/abdi/Documents/GitHub/robotic-arm/ros2_ws/install/arm_control/local/lib/python3.10/dist-packages/arm_control'...
[1.344s] Compiling '/home/abdi/Documents/GitHub/robotic-arm/ros2_ws/install/arm_control/local/lib/python3.10/dist-packages/arm_control/__init__.py'...
[1.352s] -- Installing: /home/abdi/Documents/GitHub/robotic-arm/ros2_ws/install/arm_control/lib/arm_control/PID.py
[1.352s] -- Installing: /home/abdi/Documents/GitHub/robotic-arm/ros2_ws/install/arm_control/lib/arm_control/kinematics.py
[1.352s] -- Installing: /home/abdi/Documents/GitHub/robotic-arm/ros2_ws/install/arm_control/lib/arm_control/arm_states_encoder.py
[1.353s] -- Installing: /home/abdi/Documents/GitHub/robotic-arm/ros2_ws/install/arm_control/lib/arm_control/arm_states_decoder.py
[1.353s] -- Installing: /home/abdi/Documents/GitHub/robotic-arm/ros2_ws/install/arm_control/lib/arm_control/base_station_encoder.py
[1.353s] -- Installing: /home/abdi/Documents/GitHub/robotic-arm/ros2_ws/install/arm_control/lib/arm_control/base_station_decoder.py
[1.353s] -- Installing: /home/abdi/Documents/GitHub/robotic-arm/ros2_ws/install/arm_control/lib/arm_control/base_station_transmitter.py
[1.354s] -- Installing: /home/abdi/Documents/GitHub/robotic-arm/ros2_ws/install/arm_control/lib/arm_control/base_station_receiver.py
[1.354s] -- Installing: /home/abdi/Documents/GitHub/robotic-arm/ros2_ws/install/arm_control/lib/arm_control/arm_receiver.py
[1.354s] -- Installing: /home/abdi/Documents/GitHub/robotic-arm/ros2_ws/install/arm_control/lib/arm_control/arm_transmitter.py
[1.354s] -- Installing: /home/abdi/Documents/GitHub/robotic-arm/ros2_ws/install/arm_control/share/arm_control//config
[1.355s] -- Installing: /home/abdi/Documents/GitHub/robotic-arm/ros2_ws/install/arm_control/share/arm_control//config/arm_controllers.yaml
[1.355s] -- Installing: /home/abdi/Documents/GitHub/robotic-arm/ros2_ws/install/arm_control/share/arm_control//config/2arms.rviz
[1.355s] -- Up-to-date: /home/abdi/Documents/GitHub/robotic-arm/ros2_ws/install/arm_control/share/arm_control//description
[1.356s] -- Up-to-date: /home/abdi/Documents/GitHub/robotic-arm/ros2_ws/install/arm_control/share/arm_control//description/meshes
[1.356s] -- Up-to-date: /home/abdi/Documents/GitHub/robotic-arm/ros2_ws/install/arm_control/share/arm_control//description/meshes/ARM-A01.STL
[1.356s] -- Up-to-date: /home/abdi/Documents/GitHub/robotic-arm/ros2_ws/install/arm_control/share/arm_control//description/meshes/ARM-A03.STL
[1.357s] -- Up-to-date: /home/abdi/Documents/GitHub/robotic-arm/ros2_ws/install/arm_control/share/arm_control//description/meshes/Link1.STL
[1.357s] -- Up-to-date: /home/abdi/Documents/GitHub/robotic-arm/ros2_ws/install/arm_control/share/arm_control//description/meshes/ARM-A02.STL
[1.357s] -- Up-to-date: /home/abdi/Documents/GitHub/robotic-arm/ros2_ws/install/arm_control/share/arm_control//description/meshes/Link6.STL
[1.357s] -- Up-to-date: /home/abdi/Documents/GitHub/robotic-arm/ros2_ws/install/arm_control/share/arm_control//description/meshes/Link2.STL
[1.357s] -- Up-to-date: /home/abdi/Documents/GitHub/robotic-arm/ros2_ws/install/arm_control/share/arm_control//description/meshes/base_link.STL
[1.358s] -- Up-to-date: /home/abdi/Documents/GitHub/robotic-arm/ros2_ws/install/arm_control/share/arm_control//description/meshes/ARM-A06.STL
[1.358s] -- Up-to-date: /home/abdi/Documents/GitHub/robotic-arm/ros2_ws/install/arm_control/share/arm_control//description/meshes/ARM-A04.STL
[1.358s] -- Up-to-date: /home/abdi/Documents/GitHub/robotic-arm/ros2_ws/install/arm_control/share/arm_control//description/meshes/Link4.STL
[1.358s] -- Up-to-date: /home/abdi/Documents/GitHub/robotic-arm/ros2_ws/install/arm_control/share/arm_control//description/meshes/Link5.STL
[1.359s] -- Up-to-date: /home/abdi/Documents/GitHub/robotic-arm/ros2_ws/install/arm_control/share/arm_control//description/meshes/Link3.STL
[1.359s] -- Up-to-date: /home/abdi/Documents/GitHub/robotic-arm/ros2_ws/install/arm_control/share/arm_control//description/meshes/yurs
[1.359s] -- Up-to-date: /home/abdi/Documents/GitHub/robotic-arm/ros2_ws/install/arm_control/share/arm_control//description/meshes/yurs/link4.STL
[1.359s] -- Up-to-date: /home/abdi/Documents/GitHub/robotic-arm/ros2_ws/install/arm_control/share/arm_control//description/meshes/yurs/base_link.STL
[1.360s] -- Up-to-date: /home/abdi/Documents/GitHub/robotic-arm/ros2_ws/install/arm_control/share/arm_control//description/meshes/yurs/link2.STL
[1.360s] -- Up-to-date: /home/abdi/Documents/GitHub/robotic-arm/ros2_ws/install/arm_control/share/arm_control//description/meshes/yurs/link1.STL
[1.360s] -- Up-to-date: /home/abdi/Documents/GitHub/robotic-arm/ros2_ws/install/arm_control/share/arm_control//description/meshes/yurs/link3.STL
[1.360s] -- Up-to-date: /home/abdi/Documents/GitHub/robotic-arm/ros2_ws/install/arm_control/share/arm_control//description/meshes/yurs/link5.STL
[1.360s] -- Up-to-date: /home/abdi/Documents/GitHub/robotic-arm/ros2_ws/install/arm_control/share/arm_control//description/meshes/yurs/link6.STL
[1.361s] -- Up-to-date: /home/abdi/Documents/GitHub/robotic-arm/ros2_ws/install/arm_control/share/arm_control//description/meshes/ARM-A05.STL
[1.361s] -- Up-to-date: /home/abdi/Documents/GitHub/robotic-arm/ros2_ws/install/arm_control/share/arm_control//description/yurs_base_station.urdf.xacro
[1.361s] -- Up-to-date: /home/abdi/Documents/GitHub/robotic-arm/ros2_ws/install/arm_control/share/arm_control//description/hooks
[1.361s] -- Up-to-date: /home/abdi/Documents/GitHub/robotic-arm/ros2_ws/install/arm_control/share/arm_control//description/hooks/resource_paths.dsv.in
[1.362s] -- Up-to-date: /home/abdi/Documents/GitHub/robotic-arm/ros2_ws/install/arm_control/share/arm_control//description/arm_simulation.urdf.xacro
[1.362s] -- Up-to-date: /home/abdi/Documents/GitHub/robotic-arm/ros2_ws/install/arm_control/share/arm_control//description/robotic_arm_4.urdf
[1.362s] -- Up-to-date: /home/abdi/Documents/GitHub/robotic-arm/ros2_ws/install/arm_control/share/arm_control//description/hardware_launch.urdf.xacro
[1.362s] -- Up-to-date: /home/abdi/Documents/GitHub/robotic-arm/ros2_ws/install/arm_control/share/arm_control//description/base_station.urdf.xacro
[1.362s] -- Up-to-date: /home/abdi/Documents/GitHub/robotic-arm/ros2_ws/install/arm_control/share/arm_control//description/hardware_macros.xacro
[1.363s] -- Up-to-date: /home/abdi/Documents/GitHub/robotic-arm/ros2_ws/install/arm_control/share/arm_control//description/macros.xacro
[1.363s] -- Up-to-date: /home/abdi/Documents/GitHub/robotic-arm/ros2_ws/install/arm_control/share/arm_control//description/arm.ros2_control.xacro
[1.363s] -- Up-to-date: /home/abdi/Documents/GitHub/robotic-arm/ros2_ws/install/arm_control/share/arm_control//description/arm_hardware.urdf.xacro
[1.363s] -- Installing: /home/abdi/Documents/GitHub/robotic-arm/ros2_ws/install/arm_control/share/arm_control//launch
[1.363s] -- Installing: /home/abdi/Documents/GitHub/robotic-arm/ros2_ws/install/arm_control/share/arm_control//launch/base_station.launch.py
[1.364s] -- Installing: /home/abdi/Documents/GitHub/robotic-arm/ros2_ws/install/arm_control/share/arm_control//launch/urdf_test.launch.py
[1.364s] -- Installing: /home/abdi/Documents/GitHub/robotic-arm/ros2_ws/install/arm_control/share/arm_control//launch/arm_hardware.launch.py
[1.364s] -- Installing: /home/abdi/Documents/GitHub/robotic-arm/ros2_ws/install/arm_control/share/arm_control//launch/arm_simulation.launch.py
[1.364s] -- Installing: /home/abdi/Documents/GitHub/robotic-arm/ros2_ws/install/arm_control/share/arm_control//worlds
[1.364s] -- Installing: /home/abdi/Documents/GitHub/robotic-arm/ros2_ws/install/arm_control/share/arm_control//worlds/empty.world
[1.365s] -- Up-to-date: /home/abdi/Documents/GitHub/robotic-arm/ros2_ws/install/arm_control/share/arm_control//env-hooks
[1.365s] -- Up-to-date: /home/abdi/Documents/GitHub/robotic-arm/ros2_ws/install/arm_control/share/arm_control//env-hooks/99-arm-control-models.dsv
[1.365s] -- Installing: /home/abdi/Documents/GitHub/robotic-arm/ros2_ws/install/arm_control/share/ament_index/resource_index/package_run_dependencies/arm_control
[1.365s] -- Installing: /home/abdi/Documents/GitHub/robotic-arm/ros2_ws/install/arm_control/share/ament_index/resource_index/parent_prefix_path/arm_control
[1.365s] -- Installing: /home/abdi/Documents/GitHub/robotic-arm/ros2_ws/install/arm_control/share/arm_control/environment/ament_prefix_path.sh
[1.366s] -- Installing: /home/abdi/Documents/GitHub/robotic-arm/ros2_ws/install/arm_control/share/arm_control/environment/ament_prefix_path.dsv
[1.366s] -- Installing: /home/abdi/Documents/GitHub/robotic-arm/ros2_ws/install/arm_control/share/arm_control/environment/path.sh
[1.366s] -- Installing: /home/abdi/Documents/GitHub/robotic-arm/ros2_ws/install/arm_control/share/arm_control/environment/path.dsv
[1.366s] -- Installing: /home/abdi/Documents/GitHub/robotic-arm/ros2_ws/install/arm_control/share/arm_control/local_setup.bash
[1.366s] -- Installing: /home/abdi/Documents/GitHub/robotic-arm/ros2_ws/install/arm_control/share/arm_control/local_setup.sh
[1.366s] -- Installing: /home/abdi/Documents/GitHub/robotic-arm/ros2_ws/install/arm_control/share/arm_control/local_setup.zsh
[1.367s] -- Installing: /home/abdi/Documents/GitHub/robotic-arm/ros2_ws/install/arm_control/share/arm_control/local_setup.dsv
[1.367s] -- Installing: /home/abdi/Documents/GitHub/robotic-arm/ros2_ws/install/arm_control/share/arm_control/package.dsv
[1.367s] -- Installing: /home/abdi/Documents/GitHub/robotic-arm/ros2_ws/install/arm_control/share/ament_index/resource_index/packages/arm_control
[1.367s] -- Installing: /home/abdi/Documents/GitHub/robotic-arm/ros2_ws/install/arm_control/share/arm_control/cmake/arm_controlConfig.cmake
[1.367s] -- Installing: /home/abdi/Documents/GitHub/robotic-arm/ros2_ws/install/arm_control/share/arm_control/cmake/arm_controlConfig-version.cmake
[1.367s] -- Installing: /home/abdi/Documents/GitHub/robotic-arm/ros2_ws/install/arm_control/share/arm_control/package.xml
[1.369s] Invoked command in '/home/abdi/Documents/GitHub/robotic-arm/ros2_ws/build/arm_control' returned '0': CMAKE_PREFIX_PATH=${CMAKE_PREFIX_PATH}:/home/abdi/Documents/GitHub/robotic-arm/ros2_ws/install/communication_server:/home/abdi/ros2_humble/install/rqt_bag_plugins:/home/abdi/ros2_humble/install/rqt_bag:/home/abdi/ros2_humble/install/ros2bag:/home/abdi/ros2_humble/install/tracetools_test:/home/abdi/ros2_humble/install/tracetools_launch:/home/abdi/ros2_humble/install/topic_monitor:/home/abdi/ros2_humble/install/tf2_tools:/home/abdi/ros2_humble/install/examples_tf2_py:/home/abdi/ros2_humble/install/tf2_ros_py:/home/abdi/ros2_humble/install/sros2:/home/abdi/ros2_humble/install/rqt_topic:/home/abdi/ros2_humble/install/rqt_srv:/home/abdi/ros2_humble/install/rqt_shell:/home/abdi/ros2_humble/install/rqt_service_caller:/home/abdi/ros2_humble/install/rqt_reconfigure:/home/abdi/ros2_humble/install/rqt_py_console:/home/abdi/ros2_humble/install/rqt_publisher:/home/abdi/ros2_humble/install/rqt_plot:/home/abdi/ros2_humble/install/rqt_action:/home/abdi/ros2_humble/install/rqt_msg:/home/abdi/ros2_humble/install/rqt_console:/home/abdi/ros2_humble/install/rqt:/home/abdi/ros2_humble/install/rqt_graph:/home/abdi/ros2_humble/install/rqt_gui_py:/home/abdi/ros2_humble/install/rqt_gui:/home/abdi/ros2_humble/install/ros2trace:/home/abdi/ros2_humble/install/ros2topic:/home/abdi/ros2_humble/install/ros2test:/home/abdi/ros2_humble/install/ros2component:/home/abdi/ros2_humble/install/ros2param:/home/abdi/ros2_humble/install/ros2lifecycle:/home/abdi/ros2_humble/install/ros2service:/home/abdi/ros2_humble/install/ros2run:/home/abdi/ros2_humble/install/ros2launch:/home/abdi/ros2_humble/install/ros2pkg:/home/abdi/ros2_humble/install/ros2node:/home/abdi/ros2_humble/install/ros2multicast:/home/abdi/ros2_humble/install/ros2interface:/home/abdi/ros2_humble/install/ros2doctor:/home/abdi/ros2_humble/install/ros2action:/home/abdi/ros2_humble/install/ros2cli:/home/abdi/ros2_humble/install/quality_of_service_demo_py:/home/abdi/ros2_humble/install/lifecycle_py:/home/abdi/ros2_humble/install/launch_testing_ros:/home/abdi/ros2_humble/install/launch_ros:/home/abdi/ros2_humble/install/examples_rclpy_pointcloud_publisher:/home/abdi/ros2_humble/install/examples_rclpy_minimal_subscriber:/home/abdi/ros2_humble/install/examples_rclpy_minimal_service:/home/abdi/ros2_humble/install/examples_rclpy_minimal_publisher:/home/abdi/ros2_humble/install/examples_rclpy_minimal_client:/home/abdi/ros2_humble/install/examples_rclpy_minimal_action_server:/home/abdi/ros2_humble/install/examples_rclpy_minimal_action_client:/home/abdi/ros2_humble/install/examples_rclpy_guard_conditions:/home/abdi/ros2_humble/install/examples_rclpy_executors:/home/abdi/ros2_humble/install/demo_nodes_py:/home/abdi/ros2_humble/install/action_tutorials_py:/home/abdi/ros2_humble/install/ament_uncrustify:/home/abdi/ros2_humble/install/tracetools_trace:/home/abdi/ros2_humble/install/tracetools_read:/home/abdi/ros2_humble/install/test_tracetools_launch:/home/abdi/ros2_humble/install/test_launch_ros:/home/abdi/ros2_humble/install/sensor_msgs_py:/home/abdi/ros2_humble/install/rpyutils:/home/abdi/ros2_humble/install/rosidl_runtime_py:/home/abdi/ros2_humble/install/rosidl_cli:/home/abdi/ros2_humble/install/launch_pytest:/home/abdi/ros2_humble/install/launch_testing:/home/abdi/ros2_humble/install/launch_yaml:/home/abdi/ros2_humble/install/launch_xml:/home/abdi/ros2_humble/install/launch:/home/abdi/ros2_humble/install/osrf_pycommon:/home/abdi/ros2_humble/install/launch_testing_examples:/home/abdi/ros2_humble/install/domain_coordinator:/home/abdi/ros2_humble/install/ament_xmllint:/home/abdi/ros2_humble/install/ament_pyflakes:/home/abdi/ros2_humble/install/ament_pycodestyle:/home/abdi/ros2_humble/install/ament_pep257:/home/abdi/ros2_humble/install/ament_pclint:/home/abdi/ros2_humble/install/ament_package:/home/abdi/ros2_humble/install/ament_mypy:/home/abdi/ros2_humble/install/ament_lint_cmake:/home/abdi/ros2_humble/install/ament_flake8:/home/abdi/ros2_humble/install/ament_copyright:/home/abdi/ros2_humble/install/ament_lint:/home/abdi/ros2_humble/install/ament_index_python:/home/abdi/ros2_humble/install/ament_cpplint:/home/abdi/ros2_humble/install/ament_cppcheck:/home/abdi/ros2_humble/install/ament_clang_tidy:/home/abdi/ros2_humble/install/ament_clang_format:/opt/ros/humble /usr/bin/cmake --install /home/abdi/Documents/GitHub/robotic-arm/ros2_ws/build/arm_control
