[2.465s] Invoking command in '/home/abdi/Documents/GitHub/robotic-arm/ros2_ws/src/communications-system/communication_server': PYTHONPATH=/home/abdi/Documents/GitHub/robotic-arm/ros2_ws/build/communication_server/prefix_override:/usr/lib/python3/dist-packages/colcon_core/task/python/colcon_distutils_commands:/home/abdi/Documents/GitHub/robotic-arm/ros2_ws/install/communication_server/lib/python3.10/site-packages:${PYTHONPATH} /usr/bin/python3 -W ignore:setup.py install is deprecated setup.py egg_info --egg-base ../../../build/communication_server build --build-base /home/abdi/Documents/GitHub/robotic-arm/ros2_ws/build/communication_server/build install --record /home/abdi/Documents/GitHub/robotic-arm/ros2_ws/build/communication_server/install.log --single-version-externally-managed install_data
[3.181s] running egg_info
[3.226s] writing ../../../build/communication_server/communication_server.egg-info/PKG-INFO
[3.226s] writing dependency_links to ../../../build/communication_server/communication_server.egg-info/dependency_links.txt
[3.227s] writing entry points to ../../../build/communication_server/communication_server.egg-info/entry_points.txt
[3.227s] writing requirements to ../../../build/communication_server/communication_server.egg-info/requires.txt
[3.227s] writing top-level names to ../../../build/communication_server/communication_server.egg-info/top_level.txt
[3.317s] reading manifest file '../../../build/communication_server/communication_server.egg-info/SOURCES.txt'
[3.318s] writing manifest file '../../../build/communication_server/communication_server.egg-info/SOURCES.txt'
[3.319s] running build
[3.319s] running build_py
[3.319s] copying communication_server/communication_server.py -> /home/abdi/Documents/GitHub/robotic-arm/ros2_ws/build/communication_server/build/lib/communication_server
[3.319s] copying communication_server/__init__.py -> /home/abdi/Documents/GitHub/robotic-arm/ros2_ws/build/communication_server/build/lib/communication_server
[3.319s] copying communication_server/routes/admin_api.py -> /home/abdi/Documents/GitHub/robotic-arm/ros2_ws/build/communication_server/build/lib/communication_server/routes
[3.319s] copying communication_server/routes/__init__.py -> /home/abdi/Documents/GitHub/robotic-arm/ros2_ws/build/communication_server/build/lib/communication_server/routes
[3.319s] copying communication_server/routes/websocket.py -> /home/abdi/Documents/GitHub/robotic-arm/ros2_ws/build/communication_server/build/lib/communication_server/routes
[3.320s] running install
[3.328s] running install_lib
[3.374s] byte-compiling /home/abdi/Documents/GitHub/robotic-arm/ros2_ws/install/communication_server/lib/python3.10/site-packages/communication_server/communication_server.py to communication_server.cpython-310.pyc
[3.374s] Sorry: IndentationError: expected an indented block after function definition on line 82 (communication_server.py, line 86)
[3.374s] running install_data
[3.374s] copying resource/communication_server -> /home/abdi/Documents/GitHub/robotic-arm/ros2_ws/install/communication_server/share/ament_index/resource_index/packages
[3.375s] copying package.xml -> /home/abdi/Documents/GitHub/robotic-arm/ros2_ws/install/communication_server/share/communication_server
[3.375s] running install_egg_info
[3.437s] removing '/home/abdi/Documents/GitHub/robotic-arm/ros2_ws/install/communication_server/lib/python3.10/site-packages/communication_server-0.0.0-py3.10.egg-info' (and everything under it)
[3.437s] Copying ../../../build/communication_server/communication_server.egg-info to /home/abdi/Documents/GitHub/robotic-arm/ros2_ws/install/communication_server/lib/python3.10/site-packages/communication_server-0.0.0-py3.10.egg-info
[3.438s] running install_scripts
[3.761s] Installing communication_server script to /home/abdi/Documents/GitHub/robotic-arm/ros2_ws/install/communication_server/lib/communication_server
[3.761s] writing list of installed files to '/home/abdi/Documents/GitHub/robotic-arm/ros2_ws/build/communication_server/install.log'
[3.796s] Invoked command in '/home/abdi/Documents/GitHub/robotic-arm/ros2_ws/src/communications-system/communication_server' returned '0': PYTHONPATH=/home/abdi/Documents/GitHub/robotic-arm/ros2_ws/build/communication_server/prefix_override:/usr/lib/python3/dist-packages/colcon_core/task/python/colcon_distutils_commands:/home/abdi/Documents/GitHub/robotic-arm/ros2_ws/install/communication_server/lib/python3.10/site-packages:${PYTHONPATH} /usr/bin/python3 -W ignore:setup.py install is deprecated setup.py egg_info --egg-base ../../../build/communication_server build --build-base /home/abdi/Documents/GitHub/robotic-arm/ros2_ws/build/communication_server/build install --record /home/abdi/Documents/GitHub/robotic-arm/ros2_ws/build/communication_server/install.log --single-version-externally-managed install_data
