/home/abdi/Documents/GitHub/robotic-arm/ros2_ws/install/communication_server/lib/python3.10/site-packages/communication_server/communication_server.py
/home/abdi/Documents/GitHub/robotic-arm/ros2_ws/install/communication_server/lib/python3.10/site-packages/communication_server/__init__.py
/home/abdi/Documents/GitHub/robotic-arm/ros2_ws/install/communication_server/lib/python3.10/site-packages/communication_server/routes/admin_api.py
/home/abdi/Documents/GitHub/robotic-arm/ros2_ws/install/communication_server/lib/python3.10/site-packages/communication_server/routes/__init__.py
/home/abdi/Documents/GitHub/robotic-arm/ros2_ws/install/communication_server/lib/python3.10/site-packages/communication_server/routes/websocket.py
/home/abdi/Documents/GitHub/robotic-arm/ros2_ws/install/communication_server/lib/python3.10/site-packages/communication_server/__pycache__/communication_server.cpython-310.pyc
/home/abdi/Documents/GitHub/robotic-arm/ros2_ws/install/communication_server/lib/python3.10/site-packages/communication_server/__pycache__/__init__.cpython-310.pyc
/home/abdi/Documents/GitHub/robotic-arm/ros2_ws/install/communication_server/lib/python3.10/site-packages/communication_server/routes/__pycache__/admin_api.cpython-310.pyc
/home/abdi/Documents/GitHub/robotic-arm/ros2_ws/install/communication_server/lib/python3.10/site-packages/communication_server/routes/__pycache__/__init__.cpython-310.pyc
/home/abdi/Documents/GitHub/robotic-arm/ros2_ws/install/communication_server/lib/python3.10/site-packages/communication_server/routes/__pycache__/websocket.cpython-310.pyc
/home/abdi/Documents/GitHub/robotic-arm/ros2_ws/install/communication_server/share/ament_index/resource_index/packages/communication_server
/home/abdi/Documents/GitHub/robotic-arm/ros2_ws/install/communication_server/share/communication_server/package.xml
/home/abdi/Documents/GitHub/robotic-arm/ros2_ws/install/communication_server/lib/python3.10/site-packages/communication_server-0.0.0-py3.10.egg-info/SOURCES.txt
/home/abdi/Documents/GitHub/robotic-arm/ros2_ws/install/communication_server/lib/python3.10/site-packages/communication_server-0.0.0-py3.10.egg-info/PKG-INFO
/home/abdi/Documents/GitHub/robotic-arm/ros2_ws/install/communication_server/lib/python3.10/site-packages/communication_server-0.0.0-py3.10.egg-info/dependency_links.txt
/home/abdi/Documents/GitHub/robotic-arm/ros2_ws/install/communication_server/lib/python3.10/site-packages/communication_server-0.0.0-py3.10.egg-info/entry_points.txt
/home/abdi/Documents/GitHub/robotic-arm/ros2_ws/install/communication_server/lib/python3.10/site-packages/communication_server-0.0.0-py3.10.egg-info/requires.txt
/home/abdi/Documents/GitHub/robotic-arm/ros2_ws/install/communication_server/lib/python3.10/site-packages/communication_server-0.0.0-py3.10.egg-info/top_level.txt
/home/abdi/Documents/GitHub/robotic-arm/ros2_ws/install/communication_server/lib/python3.10/site-packages/communication_server-0.0.0-py3.10.egg-info/zip-safe
/home/abdi/Documents/GitHub/robotic-arm/ros2_ws/install/communication_server/lib/communication_server/communication_server
